Added Pin To Net: NetName=NetC11_2 Pin=C11-2
Added Pin To Net: NetName=NetC11_2 Pin=D3-2
Added Pin To Net: NetName=NetC11_2 Pin=T2-3
Added Net: Name=NetC11_2
Added Pin To Net: NetName=NetC12_2 Pin=C12-2
Added Pin To Net: NetName=NetC12_2 Pin=D4-1
Added Pin To Net: NetName=NetC12_2 Pin=T2-6
Added Net: Name=NetC12_2
Added Pin To Net: NetName=NetD1_2 Pin=D1-2
Added Pin To Net: NetName=NetD1_2 Pin=T1-1
Added Net: Name=NetD1_2
Added Pin To Net: NetName=NetD2_1 Pin=D2-1
Added Pin To Net: NetName=NetD2_1 Pin=T1-4
Added Net: Name=NetD2_1
Added Pin To Net: NetName=NetD3_1 Pin=D3-1
Added Pin To Net: NetName=NetD3_1 Pin=R1-1
Added Net: Name=NetD3_1
Added Pin To Net: NetName=NetD4_2 Pin=D4-2
Added Pin To Net: NetName=NetD4_2 Pin=R2-1
Added Net: Name=NetD4_2
Added Pin To Net: NetName=NetD5_1 Pin=D5-1
Added Pin To Net: NetName=NetD5_1 Pin=T2-4
Added Net: Name=NetD5_1
Added Pin To Net: NetName=NetD5_2 Pin=D5-2
Added Pin To Net: NetName=NetD5_2 Pin=T1-5
Added Net: Name=NetD5_2
Added Pin To Net: NetName=NetD6_1 Pin=D6-1
Added Pin To Net: NetName=NetD6_1 Pin=T1-2
Added Net: Name=NetD6_1
Added Pin To Net: NetName=NetD6_2 Pin=D6-2
Added Pin To Net: NetName=NetD6_2 Pin=T2-1
Added Net: Name=NetD6_2
Added Pin To Net: NetName=NetL4_2 Pin=L4-2
Added Pin To Net: NetName=NetL4_2 Pin=T1-3
Added Pin To Net: NetName=NetL4_2 Pin=T1-6
Added Net: Name=NetL4_2
Added Pin To Net: NetName=PIE1_1 Pin=D1-1
Added Pin To Net: NetName=PIE1_1 Pin=D2-2
Added Pin To Net: NetName=PIE1_1 Pin=P1-3
Added Pin To Net: NetName=PIE1_1 Pin=P1-4
Added Pin To Net: NetName=PIE1_1 Pin=R1-2
Added Pin To Net: NetName=PIE1_1 Pin=R2-2
Added Pin To Net: NetName=PIE1_1 Pin=T2-2
Added Pin To Net: NetName=PIE1_1 Pin=T2-5
Added Net: Name=PIE1_1
Added Pin To Net: NetName=PIE2_2 Pin=C11-1
Added Pin To Net: NetName=PIE2_2 Pin=C12-1
Added Pin To Net: NetName=PIE2_2 Pin=L4-1
Added Pin To Net: NetName=PIE2_2 Pin=P1-1
Added Pin To Net: NetName=PIE2_2 Pin=P1-2
Added Net: Name=PIE2_2
Added Member To Class: ClassName=Bluetooth Member=Component C11 680pF/50V
Added Member To Class: ClassName=Bluetooth Member=Component C12 680pF/50V
Added Member To Class: ClassName=Bluetooth Member=Component D1 SS14
Added Member To Class: ClassName=Bluetooth Member=Component D2 SS14
Added Member To Class: ClassName=Bluetooth Member=Component D3 SS14
Added Member To Class: ClassName=Bluetooth Member=Component D4 SS14
Added Member To Class: ClassName=Bluetooth Member=Component D5 SS14
Added Member To Class: ClassName=Bluetooth Member=Component D6 SS16
Added Member To Class: ClassName=Bluetooth Member=Component L4 1mH
Added Member To Class: ClassName=Bluetooth Member=Component R1 510K
Added Member To Class: ClassName=Bluetooth Member=Component R2 510K
Added Member To Class: ClassName=Bluetooth Member=Component T1 XN4601
Added Member To Class: ClassName=Bluetooth Member=Component T2 XN4601
Added Room: Name=Bluetooth
